Using pre-set license
Built from '2021.3/staging' branch; Version is '2021.3.5f1 (40eb3a945986) revision 4254522'; Using compiler version '192829333'; Build Type 'Release'
OS: 'Windows 10  (10.0.19044) 64bit Core' Language: 'ru' Physical Memory: 16341 MB
BatchMode: 1, IsHumanControllingUs: 0, StartBugReporterOnCrash: 0, Is64bit: 1, IsPro: 1

COMMAND LINE ARGUMENTS:
F:\UnityEditors\2021.3.5f1\Editor\Unity.exe
-adb2
-batchMode
-noUpm
-name
AssetImportWorker0
-projectPath
F:/TEST_TASKS/PLARIUM/PlariumTestProject/ExampleProject
-logFile
Logs/AssetImportWorker0.log
-srvPort
57648
Successfully changed project path to: F:/TEST_TASKS/PLARIUM/PlariumTestProject/ExampleProject
F:/TEST_TASKS/PLARIUM/PlariumTestProject/ExampleProject
[UnityMemory] Configuration Parameters - Can be set up in boot.config
    "memorysetup-bucket-allocator-granularity=16"
    "memorysetup-bucket-allocator-bucket-count=8"
    "memorysetup-bucket-allocator-block-size=33554432"
    "memorysetup-bucket-allocator-block-count=8"
    "memorysetup-main-allocator-block-size=16777216"
    "memorysetup-thread-allocator-block-size=16777216"
    "memorysetup-gfx-main-allocator-block-size=16777216"
    "memorysetup-gfx-thread-allocator-block-size=16777216"
    "memorysetup-cache-allocator-block-size=4194304"
    "memorysetup-typetree-allocator-block-size=2097152"
    "memorysetup-profiler-bucket-allocator-granularity=16"
    "memorysetup-profiler-bucket-allocator-bucket-count=8"
    "memorysetup-profiler-bucket-allocator-block-size=33554432"
    "memorysetup-profiler-bucket-allocator-block-count=8"
    "memorysetup-profiler-allocator-block-size=16777216"
    "memorysetup-profiler-editor-allocator-block-size=1048576"
    "memorysetup-temp-allocator-size-main=16777216"
    "memorysetup-job-temp-allocator-block-size=2097152"
    "memorysetup-job-temp-allocator-block-size-background=1048576"
    "memorysetup-job-temp-allocator-reduction-small-platforms=262144"
    "memorysetup-temp-allocator-size-background-worker=32768"
    "memorysetup-temp-allocator-size-job-worker=262144"
    "memorysetup-temp-allocator-size-preload-manager=33554432"
    "memorysetup-temp-allocator-size-nav-mesh-worker=65536"
    "memorysetup-temp-allocator-size-audio-worker=65536"
    "memorysetup-temp-allocator-size-cloud-worker=32768"
    "memorysetup-temp-allocator-size-gi-baking-worker=262144"
    "memorysetup-temp-allocator-size-gfx=262144"
Refreshing native plugins compatible for Editor in 44.07 ms, found 2 plugins.
Preloading 0 native plugins for Editor in 0.00 ms.
Initialize engine version: 2021.3.5f1 (40eb3a945986)
[Subsystems] Discovering subsystems at path F:/UnityEditors/2021.3.5f1/Editor/Data/Resources/UnitySubsystems
[Subsystems] Discovering subsystems at path F:/TEST_TASKS/PLARIUM/PlariumTestProject/ExampleProject/Assets
GfxDevice: creating device client; threaded=0; jobified=0
Direct3D:
    Version:  Direct3D 11.0 [level 11.1]
    Renderer: NVIDIA GeForce RTX 3070 (ID=0x2484)
    Vendor:   NVIDIA
    VRAM:     8043 MB
    Driver:   30.0.15.1215
Initialize mono
Mono path[0] = 'F:/UnityEditors/2021.3.5f1/Editor/Data/Managed'
Mono path[1] = 'F:/UnityEditors/2021.3.5f1/Editor/Data/MonoBleedingEdge/lib/mono/unityjit-win32'
Mono config path = 'F:/UnityEditors/2021.3.5f1/Editor/Data/MonoBleedingEdge/etc'
Using monoOptions --debugger-agent=transport=dt_socket,embedding=1,server=y,suspend=n,address=127.0.0.1:56300
Begin MonoManager ReloadAssembly
Registering precompiled unity dll's ...
Register platform support module: F:/UnityEditors/2021.3.5f1/Editor/Data/PlaybackEngines/AndroidPlayer/UnityEditor.Android.Extensions.dll
Register platform support module: F:/UnityEditors/2021.3.5f1/Editor/Data/PlaybackEngines/WindowsStandaloneSupport/UnityEditor.WindowsStandalone.Extensions.dll
Registered in 0.003491 seconds.
Native extension for WindowsStandalone target not found
Native extension for Android target not found
Refreshing native plugins compatible for Editor in 33.91 ms, found 2 plugins.
Preloading 0 native plugins for Editor in 0.00 ms.
Mono: successfully reloaded assembly
- Completed reload, in  0.675 seconds
Domain Reload Profiling:
	ReloadAssembly (676ms)
		BeginReloadAssembly (76ms)
			ExecutionOrderSort (0ms)
			DisableScriptedObjects (0ms)
			BackupInstance (0ms)
			ReleaseScriptingObjects (0ms)
			CreateAndSetChildDomain (1ms)
		EndReloadAssembly (481ms)
			LoadAssemblies (76ms)
			RebuildTransferFunctionScriptingTraits (0ms)
			SetupTypeCache (129ms)
			ReleaseScriptCaches (0ms)
			RebuildScriptCaches (30ms)
			SetupLoadedEditorAssemblies (271ms)
				LogAssemblyErrors (0ms)
				InitializePlatformSupportModulesInManaged (64ms)
				SetLoadedEditorAssemblies (0ms)
				RefreshPlugins (34ms)
				BeforeProcessingInitializeOnLoad (1ms)
				ProcessInitializeOnLoadAttributes (112ms)
				ProcessInitializeOnLoadMethodAttributes (60ms)
				AfterProcessingInitializeOnLoad (0ms)
				EditorAssembliesLoaded (0ms)
			ExecutionOrderSort2 (0ms)
			AwakeInstancesAfterBackupRestoration (0ms)
Platform modules already initialized, skipping
Registering precompiled user dll's ...
Registered in 0.002408 seconds.
Begin MonoManager ReloadAssembly
Native extension for WindowsStandalone target not found
Native extension for Android target not found
Refreshing native plugins compatible for Editor in 0.35 ms, found 2 plugins.
Preloading 0 native plugins for Editor in 0.00 ms.
Mono: successfully reloaded assembly
- Completed reload, in  1.311 seconds
Domain Reload Profiling:
	ReloadAssembly (1312ms)
		BeginReloadAssembly (295ms)
			ExecutionOrderSort (0ms)
			DisableScriptedObjects (9ms)
			BackupInstance (0ms)
			ReleaseScriptingObjects (0ms)
			CreateAndSetChildDomain (168ms)
		EndReloadAssembly (852ms)
			LoadAssemblies (76ms)
			RebuildTransferFunctionScriptingTraits (0ms)
			SetupTypeCache (239ms)
			ReleaseScriptCaches (1ms)
			RebuildScriptCaches (63ms)
			SetupLoadedEditorAssemblies (414ms)
				LogAssemblyErrors (0ms)
				InitializePlatformSupportModulesInManaged (17ms)
				SetLoadedEditorAssemblies (0ms)
				RefreshPlugins (0ms)
				BeforeProcessingInitializeOnLoad (72ms)
				ProcessInitializeOnLoadAttributes (282ms)
				ProcessInitializeOnLoadMethodAttributes (37ms)
				AfterProcessingInitializeOnLoad (4ms)
				EditorAssembliesLoaded (0ms)
			ExecutionOrderSort2 (0ms)
			AwakeInstancesAfterBackupRestoration (7ms)
Platform modules already initialized, skipping
========================================================================
Worker process is ready to serve import requests
Launched and connected shader compiler UnityShaderCompiler.exe after 0.08 seconds
Refreshing native plugins compatible for Editor in 0.58 ms, found 2 plugins.
Preloading 0 native plugins for Editor in 0.00 ms.
Unloading 1775 Unused Serialized files (Serialized files now loaded: 0)
Unloading 19 unused Assets / (47.0 KB). Loaded Objects now: 2242.
Memory consumption went from 76.2 MB to 76.1 MB.
Total: 3.246000 ms (FindLiveObjects: 0.179400 ms CreateObjectMapping: 0.090700 ms MarkObjects: 2.877300 ms  DeleteObjects: 0.096700 ms)

AssetImportParameters requested are different than current active one (requested -> active):
  custom:video-decoder-ogg-theora: a1e56fd34408186e4bbccfd4996cb3dc -> 
  custom:container-muxer-webm: aa71ff27fc2769a1b78a27578f13a17b -> 
  custom:container-demuxer-webm: 4f35f7cbe854078d1ac9338744f61a02 -> 
  custom:video-encoder-webm-vp8: eb34c28f22e8b96e1ab97ce403110664 -> 
  custom:audio-encoder-webm-vorbis: bf7c407c2cedff20999df2af8eb42d56 -> 
  custom:framework-win-MediaFoundation: 216162199b28c13a410421893ffa2e32 -> 
  custom:container-demuxer-ogg: 62fdf1f143b41e24485cea50d1cbac27 -> 
  custom:video-decoder-webm-vp8: 9c59270c3fd7afecdb556c50c9e8de78 -> 
  custom:audio-decoder-ogg-vorbis: bf7c407c2cedff20999df2af8eb42d56 -> 
========================================================================
Received Import Request.
  Time since last request: 2142121.924120 seconds.
  path: Assets/Logic/GameEntry.cs
  artifactKey: Guid(af619f36754477242a9b7091ea183f2d) Importer(815301076,1909f56bfc062723c751e8b465ee728b)
Start importing Assets/Logic/GameEntry.cs using Guid(af619f36754477242a9b7091ea183f2d) Importer(815301076,1909f56bfc062723c751e8b465ee728b)  -> (artifact id: 'ec6255a9a6de65b65cd3e591809a3f18') in 0.065739 seconds 
========================================================================
Received Import Request.
  Time since last request: 96.341028 seconds.
  path: Assets/Logic/Base
  artifactKey: Guid(6215fc8ff5e94164dbccd434ef663184) Importer(815301076,1909f56bfc062723c751e8b465ee728b)
Start importing Assets/Logic/Base using Guid(6215fc8ff5e94164dbccd434ef663184) Importer(815301076,1909f56bfc062723c751e8b465ee728b)  -> (artifact id: '7bf4fbd952142543710452fb35625fdc') in 0.062371 seconds 
========================================================================
Received Import Request.
  Time since last request: 10.378896 seconds.
  path: Assets/Logic/Modules/ModuleMng
  artifactKey: Guid(d35889a404e540b498078e4d83826ad4) Importer(815301076,1909f56bfc062723c751e8b465ee728b)
Start importing Assets/Logic/Modules/ModuleMng using Guid(d35889a404e540b498078e4d83826ad4) Importer(815301076,1909f56bfc062723c751e8b465ee728b)  -> (artifact id: 'e646b7a5f126bda4ba037affb8d6b3ac') in 0.027081 seconds 
========================================================================
Received Import Request.
  Time since last request: 2.545688 seconds.
  path: Assets/Logic/Modules/Common
  artifactKey: Guid(3d4f88e235ae15649a820743e69a5302) Importer(815301076,1909f56bfc062723c751e8b465ee728b)
Start importing Assets/Logic/Modules/Common using Guid(3d4f88e235ae15649a820743e69a5302) Importer(815301076,1909f56bfc062723c751e8b465ee728b)  -> (artifact id: 'a437dbffe2554a296c7691fa7f641c67') in 0.024645 seconds 
========================================================================
Received Import Request.
  Time since last request: 1.553333 seconds.
  path: Assets/Logic/Modules/Common/IModuleInit.cs
  artifactKey: Guid(ff7ba3300a3d77f4c932a1b2f767fed7) Importer(815301076,1909f56bfc062723c751e8b465ee728b)
Start importing Assets/Logic/Modules/Common/IModuleInit.cs using Guid(ff7ba3300a3d77f4c932a1b2f767fed7) Importer(815301076,1909f56bfc062723c751e8b465ee728b)  -> (artifact id: '67b1fea4275865b80176e0cc57715f68') in 0.006032 seconds 
========================================================================
Received Import Request.
  Time since last request: 17.483402 seconds.
  path: Assets/Logic/Modules/Common/IModuleUpdate.cs
  artifactKey: Guid(70609cb04f323ec41b9cd263a02c2cbc) Importer(815301076,1909f56bfc062723c751e8b465ee728b)
Start importing Assets/Logic/Modules/Common/IModuleUpdate.cs using Guid(70609cb04f323ec41b9cd263a02c2cbc) Importer(815301076,1909f56bfc062723c751e8b465ee728b)  -> (artifact id: 'e9114ad85a4dd02478d7db5ed77c3046') in 0.006359 seconds 
========================================================================
Received Import Request.
  Time since last request: 18.881158 seconds.
  path: Assets/Logic/Modules/PlayerController/CtrlPlayerController.cs
  artifactKey: Guid(b812241b621bfee4eadee4152a327918) Importer(815301076,1909f56bfc062723c751e8b465ee728b)
Start importing Assets/Logic/Modules/PlayerController/CtrlPlayerController.cs using Guid(b812241b621bfee4eadee4152a327918) Importer(815301076,1909f56bfc062723c751e8b465ee728b)  -> (artifact id: '632ffbf0d0e2b2aab65960462046e783') in 0.008120 seconds 
========================================================================
Received Import Request.
  Time since last request: 4.622661 seconds.
  path: Assets/Logic/Modules/PlayerController/StatePlayerController.cs
  artifactKey: Guid(58249695ef6daa741848ac62b2644f9c) Importer(815301076,1909f56bfc062723c751e8b465ee728b)
Start importing Assets/Logic/Modules/PlayerController/StatePlayerController.cs using Guid(58249695ef6daa741848ac62b2644f9c) Importer(815301076,1909f56bfc062723c751e8b465ee728b)  -> (artifact id: 'ba6860d7730ea5d0c36610ca5aaef3f8') in 0.005654 seconds 
